{"C:\\Users\\esau\\Desktop\\test__\\stefanini_test\\api-manage-person\\src\\controllers\\index.ts": {"path":"C:\\Users\\esau\\Desktop\\test__\\stefanini_test\\api-manage-person\\src\\controllers\\index.ts","statementMap":{"0":{"start":{"line":1,"column":0},"end":{"line":1,"column":51}},"1":{"start":{"line":2,"column":0},"end":{"line":2,"column":21}},"2":{"start":{"line":4,"column":15},"end":{"line":4,"column":23}},"3":{"start":{"line":6,"column":0},"end":{"line":6,"column":null}},"4":{"start":{"line":8,"column":0},"end":{"line":10,"column":null}},"5":{"start":{"line":9,"column":2},"end":{"line":9,"column":null}},"6":{"start":{"line":12,"column":0},"end":{"line":12,"column":null}}},"fnMap":{"0":{"name":"(anonymous_1)","decl":{"start":{"line":8,"column":20},"end":{"line":8,"column":30}},"loc":{"start":{"line":8,"column":57},"end":{"line":10,"column":1}}}},"branchMap":{},"s":{"0":1,"1":1,"2":1,"3":1,"4":1,"5":1,"6":1},"f":{"0":1},"b":{}}
,"C:\\Users\\esau\\Desktop\\test__\\stefanini_test\\api-manage-person\\src\\controllers\\v1\\index.ts": {"path":"C:\\Users\\esau\\Desktop\\test__\\stefanini_test\\api-manage-person\\src\\controllers\\v1\\index.ts","statementMap":{"0":{"start":{"line":1,"column":0},"end":{"line":1,"column":32}},"1":{"start":{"line":2,"column":0},"end":{"line":2,"column":39}},"2":{"start":{"line":4,"column":15},"end":{"line":4,"column":23}},"3":{"start":{"line":6,"column":0},"end":{"line":6,"column":null}},"4":{"start":{"line":8,"column":0},"end":{"line":8,"column":null}}},"fnMap":{},"branchMap":{},"s":{"0":1,"1":1,"2":1,"3":1,"4":1},"f":{},"b":{}}
,"C:\\Users\\esau\\Desktop\\test__\\stefanini_test\\api-manage-person\\src\\controllers\\v1\\person\\index.ts": {"path":"C:\\Users\\esau\\Desktop\\test__\\stefanini_test\\api-manage-person\\src\\controllers\\v1\\person\\index.ts","statementMap":{"0":{"start":{"line":1,"column":0},"end":{"line":1,"column":48}},"1":{"start":{"line":2,"column":0},"end":{"line":2,"column":44}},"2":{"start":{"line":3,"column":0},"end":{"line":3,"column":68}},"3":{"start":{"line":5,"column":15},"end":{"line":5,"column":23}},"4":{"start":{"line":8,"column":0},"end":{"line":8,"column":null}},"5":{"start":{"line":10,"column":0},"end":{"line":10,"column":null}},"6":{"start":{"line":13,"column":0},"end":{"line":13,"column":null}},"7":{"start":{"line":15,"column":0},"end":{"line":15,"column":null}},"8":{"start":{"line":17,"column":0},"end":{"line":17,"column":null}},"9":{"start":{"line":20,"column":0},"end":{"line":20,"column":null}},"10":{"start":{"line":22,"column":0},"end":{"line":22,"column":null}}},"fnMap":{},"branchMap":{},"s":{"0":1,"1":1,"2":1,"3":1,"4":1,"5":1,"6":1,"7":1,"8":1,"9":1,"10":1},"f":{},"b":{}}
,"C:\\Users\\esau\\Desktop\\test__\\stefanini_test\\api-manage-person\\src\\controllers\\v1\\person\\person.controller.ts": {"path":"C:\\Users\\esau\\Desktop\\test__\\stefanini_test\\api-manage-person\\src\\controllers\\v1\\person\\person.controller.ts","statementMap":{"0":{"start":{"line":3,"column":0},"end":{"line":3,"column":60}},"1":{"start":{"line":4,"column":0},"end":{"line":4,"column":70}},"2":{"start":{"line":7,"column":41},"end":{"line":7,"column":73}},"3":{"start":{"line":8,"column":2},"end":{"line":11,"column":null}},"4":{"start":{"line":15,"column":41},"end":{"line":15,"column":94}},"5":{"start":{"line":16,"column":2},"end":{"line":16,"column":null}},"6":{"start":{"line":20,"column":41},"end":{"line":20,"column":79}},"7":{"start":{"line":21,"column":2},"end":{"line":21,"column":null}},"8":{"start":{"line":25,"column":41},"end":{"line":25,"column":91}},"9":{"start":{"line":26,"column":2},"end":{"line":26,"column":null}},"10":{"start":{"line":30,"column":41},"end":{"line":30,"column":97}},"11":{"start":{"line":31,"column":2},"end":{"line":31,"column":null}},"12":{"start":{"line":35,"column":2},"end":{"line":43,"column":null}},"13":{"start":{"line":36,"column":30},"end":{"line":36,"column":44}},"14":{"start":{"line":37,"column":43},"end":{"line":37,"column":93}},"15":{"start":{"line":38,"column":4},"end":{"line":38,"column":null}},"16":{"start":{"line":40,"column":4},"end":{"line":42,"column":null}},"17":{"start":{"line":46,"column":0},"end":{"line":53,"column":null}}},"fnMap":{"0":{"name":"getPersonList","decl":{"start":{"line":6,"column":15},"end":{"line":6,"column":28}},"loc":{"start":{"line":6,"column":57},"end":{"line":12,"column":null}}},"1":{"name":"getPersonById","decl":{"start":{"line":14,"column":15},"end":{"line":14,"column":28}},"loc":{"start":{"line":14,"column":64},"end":{"line":17,"column":null}}},"2":{"name":"addPerson","decl":{"start":{"line":19,"column":15},"end":{"line":19,"column":24}},"loc":{"start":{"line":19,"column":58},"end":{"line":22,"column":null}}},"3":{"name":"deletePerson","decl":{"start":{"line":24,"column":15},"end":{"line":24,"column":27}},"loc":{"start":{"line":24,"column":63},"end":{"line":27,"column":null}}},"4":{"name":"updatePerson","decl":{"start":{"line":29,"column":15},"end":{"line":29,"column":27}},"loc":{"start":{"line":29,"column":69},"end":{"line":32,"column":null}}},"5":{"name":"importPersons","decl":{"start":{"line":34,"column":15},"end":{"line":34,"column":28}},"loc":{"start":{"line":34,"column":84},"end":{"line":44,"column":null}}}},"branchMap":{"0":{"loc":{"start":{"line":10,"column":11},"end":{"line":10,"column":32}},"type":"cond-expr","locations":[{"start":{"line":10,"column":27},"end":{"line":10,"column":31}},{"start":{"line":10,"column":31},"end":{"line":10,"column":32}}]},"1":{"loc":{"start":{"line":10,"column":11},"end":{"line":10,"column":31}},"type":"binary-expr","locations":[{"start":{"line":10,"column":11},"end":{"line":10,"column":31}},{"start":{"line":10,"column":27},"end":{"line":10,"column":31}}]},"2":{"loc":{"start":{"line":10,"column":11},"end":{"line":10,"column":27}},"type":"cond-expr","locations":[{"start":{"line":10,"column":19},"end":{"line":10,"column":21}},{"start":{"line":10,"column":11},"end":{"line":10,"column":27}}]},"3":{"loc":{"start":{"line":10,"column":11},"end":{"line":10,"column":21}},"type":"binary-expr","locations":[{"start":{"line":10,"column":11},"end":{"line":10,"column":21}},{"start":{"line":10,"column":11},"end":{"line":10,"column":21}}]},"4":{"loc":{"start":{"line":15,"column":77},"end":{"line":15,"column":93}},"type":"cond-expr","locations":[{"start":{"line":15,"column":83},"end":{"line":15,"column":85}},{"start":{"line":15,"column":77},"end":{"line":15,"column":93}}]},"5":{"loc":{"start":{"line":15,"column":77},"end":{"line":15,"column":85}},"type":"binary-expr","locations":[{"start":{"line":15,"column":77},"end":{"line":15,"column":85}},{"start":{"line":15,"column":77},"end":{"line":15,"column":85}}]},"6":{"loc":{"start":{"line":25,"column":74},"end":{"line":25,"column":90}},"type":"cond-expr","locations":[{"start":{"line":25,"column":80},"end":{"line":25,"column":82}},{"start":{"line":25,"column":74},"end":{"line":25,"column":90}}]},"7":{"loc":{"start":{"line":25,"column":74},"end":{"line":25,"column":82}},"type":"binary-expr","locations":[{"start":{"line":25,"column":74},"end":{"line":25,"column":82}},{"start":{"line":25,"column":74},"end":{"line":25,"column":82}}]},"8":{"loc":{"start":{"line":30,"column":74},"end":{"line":30,"column":90}},"type":"cond-expr","locations":[{"start":{"line":30,"column":80},"end":{"line":30,"column":82}},{"start":{"line":30,"column":74},"end":{"line":30,"column":90}}]},"9":{"loc":{"start":{"line":30,"column":74},"end":{"line":30,"column":82}},"type":"binary-expr","locations":[{"start":{"line":30,"column":74},"end":{"line":30,"column":82}},{"start":{"line":30,"column":74},"end":{"line":30,"column":82}}]},"10":{"loc":{"start":{"line":36,"column":30},"end":{"line":36,"column":44}},"type":"cond-expr","locations":[{"start":{"line":36,"column":34},"end":{"line":36,"column":36}},{"start":{"line":36,"column":30},"end":{"line":36,"column":44}}]},"11":{"loc":{"start":{"line":36,"column":30},"end":{"line":36,"column":36}},"type":"binary-expr","locations":[{"start":{"line":36,"column":30},"end":{"line":36,"column":36}},{"start":{"line":36,"column":30},"end":{"line":36,"column":36}}]}},"s":{"0":1,"1":1,"2":0,"3":0,"4":0,"5":0,"6":0,"7":0,"8":0,"9":0,"10":0,"11":0,"12":0,"13":0,"14":0,"15":0,"16":0,"17":1},"f":{"0":0,"1":0,"2":0,"3":0,"4":0,"5":0},"b":{"0":[0,0],"1":[0,0],"2":[0,0],"3":[0,0],"4":[0,0],"5":[0,0],"6":[0,0],"7":[0,0],"8":[0,0],"9":[0,0],"10":[0,0],"11":[0,0]}}
,"C:\\Users\\esau\\Desktop\\test__\\stefanini_test\\api-manage-person\\src\\middleware\\multer.middleware.ts": {"path":"C:\\Users\\esau\\Desktop\\test__\\stefanini_test\\api-manage-person\\src\\middleware\\multer.middleware.ts","statementMap":{"0":{"start":{"line":1,"column":0},"end":{"line":1,"column":27}},"1":{"start":{"line":2,"column":0},"end":{"line":2,"column":23}},"2":{"start":{"line":3,"column":0},"end":{"line":3,"column":34}},"3":{"start":{"line":8,"column":16},"end":{"line":23,"column":2}},"4":{"start":{"line":15,"column":28},"end":{"line":15,"column":76}},"5":{"start":{"line":16,"column":4},"end":{"line":21,"column":null}},"6":{"start":{"line":18,"column":6},"end":{"line":18,"column":null}},"7":{"start":{"line":20,"column":6},"end":{"line":20,"column":null}},"8":{"start":{"line":25,"column":15},"end":{"line":25,"column":34}},"9":{"start":{"line":27,"column":0},"end":{"line":27,"column":null}}},"fnMap":{"0":{"name":"(anonymous_1)","decl":{"start":{"line":10,"column":12},"end":{"line":10,"column":null}},"loc":{"start":{"line":14,"column":12},"end":{"line":22,"column":3}}}},"branchMap":{"0":{"loc":{"start":{"line":15,"column":35},"end":{"line":15,"column":75}},"type":"cond-expr","locations":[{"start":{"line":15,"column":69},"end":{"line":15,"column":73}},{"start":{"line":15,"column":73},"end":{"line":15,"column":75}}]},"1":{"loc":{"start":{"line":15,"column":35},"end":{"line":15,"column":73}},"type":"binary-expr","locations":[{"start":{"line":15,"column":35},"end":{"line":15,"column":73}},{"start":{"line":15,"column":69},"end":{"line":15,"column":73}}]},"2":{"loc":{"start":{"line":16,"column":4},"end":{"line":21,"column":null}},"type":"if","locations":[{"start":{"line":16,"column":4},"end":{"line":21,"column":null}},{"start":{"line":19,"column":11},"end":{"line":21,"column":null}}]}},"s":{"0":1,"1":1,"2":1,"3":1,"4":0,"5":0,"6":0,"7":0,"8":1,"9":1},"f":{"0":0},"b":{"0":[0,0],"1":[0,0],"2":[0,0]}}
,"C:\\Users\\esau\\Desktop\\test__\\stefanini_test\\api-manage-person\\src\\services\\person.import.service.ts": {"path":"C:\\Users\\esau\\Desktop\\test__\\stefanini_test\\api-manage-person\\src\\services\\person.import.service.ts","statementMap":{"0":{"start":{"line":1,"column":0},"end":{"line":1,"column":45}},"1":{"start":{"line":2,"column":0},"end":{"line":2,"column":34}},"2":{"start":{"line":3,"column":0},"end":{"line":3,"column":23}},"3":{"start":{"line":4,"column":0},"end":{"line":4,"column":27}},"4":{"start":{"line":5,"column":0},"end":{"line":5,"column":19}},"5":{"start":{"line":6,"column":0},"end":{"line":6,"column":33}},"6":{"start":{"line":7,"column":0},"end":{"line":7,"column":35}},"7":{"start":{"line":9,"column":0},"end":{"line":9,"column":67}},"8":{"start":{"line":10,"column":15},"end":{"line":10,"column":33}},"9":{"start":{"line":13,"column":2},"end":{"line":70,"column":null}},"10":{"start":{"line":14,"column":30},"end":{"line":14,"column":88}},"11":{"start":{"line":15,"column":32},"end":{"line":15,"column":70}},"12":{"start":{"line":16,"column":18},"end":{"line":16,"column":26}},"13":{"start":{"line":18,"column":18},"end":{"line":18,"column":46}},"14":{"start":{"line":19,"column":23},"end":{"line":26,"column":null}},"15":{"start":{"line":28,"column":4},"end":{"line":49,"column":null}},"16":{"start":{"line":29,"column":6},"end":{"line":29,"column":null}},"17":{"start":{"line":30,"column":27},"end":{"line":32,"column":33}},"18":{"start":{"line":33,"column":28},"end":{"line":33,"column":30}},"19":{"start":{"line":35,"column":6},"end":{"line":45,"column":null}},"20":{"start":{"line":36,"column":23},"end":{"line":36,"column":61}},"21":{"start":{"line":37,"column":8},"end":{"line":43,"column":null}},"22":{"start":{"line":44,"column":8},"end":{"line":44,"column":null}},"23":{"start":{"line":46,"column":45},"end":{"line":46,"column":78}},"24":{"start":{"line":47,"column":6},"end":{"line":47,"column":null}},"25":{"start":{"line":47,"column":24},"end":{"line":47,"column":null}},"26":{"start":{"line":48,"column":6},"end":{"line":48,"column":null}},"27":{"start":{"line":52,"column":4},"end":{"line":56,"column":null}},"28":{"start":{"line":53,"column":6},"end":{"line":53,"column":null}},"29":{"start":{"line":55,"column":6},"end":{"line":55,"column":null}},"30":{"start":{"line":58,"column":4},"end":{"line":64,"column":null}},"31":{"start":{"line":66,"column":4},"end":{"line":66,"column":null}},"32":{"start":{"line":67,"column":4},"end":{"line":67,"column":null}},"33":{"start":{"line":69,"column":4},"end":{"line":69,"column":null}},"34":{"start":{"line":74,"column":2},"end":{"line":95,"column":null}},"35":{"start":{"line":75,"column":4},"end":{"line":75,"column":null}},"36":{"start":{"line":76,"column":25},"end":{"line":78,"column":6}},"37":{"start":{"line":79,"column":4},"end":{"line":79,"column":null}},"38":{"start":{"line":80,"column":4},"end":{"line":86,"column":null}},"39":{"start":{"line":88,"column":4},"end":{"line":88,"column":null}},"40":{"start":{"line":89,"column":4},"end":{"line":94,"column":null}},"41":{"start":{"line":99,"column":2},"end":{"line":110,"column":null}},"42":{"start":{"line":100,"column":27},"end":{"line":100,"column":84}},"43":{"start":{"line":101,"column":27},"end":{"line":101,"column":88}},"44":{"start":{"line":103,"column":4},"end":{"line":107,"column":null}},"45":{"start":{"line":104,"column":6},"end":{"line":104,"column":null}},"46":{"start":{"line":104,"column":23},"end":{"line":104,"column":null}},"47":{"start":{"line":105,"column":6},"end":{"line":105,"column":null}},"48":{"start":{"line":106,"column":6},"end":{"line":106,"column":null}},"49":{"start":{"line":109,"column":4},"end":{"line":109,"column":null}},"50":{"start":{"line":113,"column":0},"end":{"line":115,"column":null}}},"fnMap":{"0":{"name":"importPersonsCSV","decl":{"start":{"line":12,"column":15},"end":{"line":12,"column":31}},"loc":{"start":{"line":12,"column":50},"end":{"line":71,"column":null}}},"1":{"name":"addPersonsDB","decl":{"start":{"line":73,"column":15},"end":{"line":73,"column":27}},"loc":{"start":{"line":73,"column":41},"end":{"line":96,"column":null}}},"2":{"name":"movingTempFile","decl":{"start":{"line":98,"column":15},"end":{"line":98,"column":29}},"loc":{"start":{"line":98,"column":47},"end":{"line":111,"column":null}}},"3":{"name":"(anonymous_14)","decl":{"start":{"line":103,"column":30},"end":{"line":103,"column":31}},"loc":{"start":{"line":103,"column":38},"end":{"line":107,"column":5}}}},"branchMap":{"0":{"loc":{"start":{"line":20,"column":18},"end":{"line":20,"column":93}},"type":"cond-expr","locations":[{"start":{"line":20,"column":52},"end":{"line":20,"column":73}},{"start":{"line":20,"column":76},"end":{"line":20,"column":93}}]},"1":{"loc":{"start":{"line":22,"column":20},"end":{"line":22,"column":46}},"type":"cond-expr","locations":[{"start":{"line":22,"column":41},"end":{"line":22,"column":45}},{"start":{"line":22,"column":45},"end":{"line":22,"column":46}}]},"2":{"loc":{"start":{"line":22,"column":20},"end":{"line":22,"column":45}},"type":"binary-expr","locations":[{"start":{"line":22,"column":20},"end":{"line":22,"column":45}},{"start":{"line":22,"column":41},"end":{"line":22,"column":45}}]},"3":{"loc":{"start":{"line":30,"column":27},"end":{"line":32,"column":33}},"type":"cond-expr","locations":[{"start":{"line":31,"column":10},"end":{"line":31,"column":32}},{"start":{"line":32,"column":10},"end":{"line":32,"column":33}}]},"4":{"loc":{"start":{"line":40,"column":29},"end":{"line":40,"column":78}},"type":"cond-expr","locations":[{"start":{"line":40,"column":72},"end":{"line":40,"column":76}},{"start":{"line":40,"column":76},"end":{"line":40,"column":78}}]},"5":{"loc":{"start":{"line":40,"column":29},"end":{"line":40,"column":76}},"type":"binary-expr","locations":[{"start":{"line":40,"column":29},"end":{"line":40,"column":76}},{"start":{"line":40,"column":72},"end":{"line":40,"column":76}}]},"6":{"loc":{"start":{"line":40,"column":29},"end":{"line":40,"column":72}},"type":"cond-expr","locations":[{"start":{"line":40,"column":35},"end":{"line":40,"column":37}},{"start":{"line":40,"column":29},"end":{"line":40,"column":72}}]},"7":{"loc":{"start":{"line":40,"column":29},"end":{"line":40,"column":37}},"type":"binary-expr","locations":[{"start":{"line":40,"column":29},"end":{"line":40,"column":37}},{"start":{"line":40,"column":29},"end":{"line":40,"column":37}}]},"8":{"loc":{"start":{"line":41,"column":22},"end":{"line":41,"column":74}},"type":"cond-expr","locations":[{"start":{"line":41,"column":69},"end":{"line":41,"column":73}},{"start":{"line":41,"column":73},"end":{"line":41,"column":74}}]},"9":{"loc":{"start":{"line":41,"column":22},"end":{"line":41,"column":73}},"type":"binary-expr","locations":[{"start":{"line":41,"column":22},"end":{"line":41,"column":73}},{"start":{"line":41,"column":69},"end":{"line":41,"column":73}}]},"10":{"loc":{"start":{"line":41,"column":40},"end":{"line":41,"column":58}},"type":"cond-expr","locations":[{"start":{"line":41,"column":46},"end":{"line":41,"column":48}},{"start":{"line":41,"column":40},"end":{"line":41,"column":58}}]},"11":{"loc":{"start":{"line":41,"column":40},"end":{"line":41,"column":48}},"type":"binary-expr","locations":[{"start":{"line":41,"column":40},"end":{"line":41,"column":48}},{"start":{"line":41,"column":40},"end":{"line":41,"column":48}}]},"12":{"loc":{"start":{"line":42,"column":29},"end":{"line":42,"column":47}},"type":"cond-expr","locations":[{"start":{"line":42,"column":35},"end":{"line":42,"column":37}},{"start":{"line":42,"column":29},"end":{"line":42,"column":47}}]},"13":{"loc":{"start":{"line":42,"column":29},"end":{"line":42,"column":37}},"type":"binary-expr","locations":[{"start":{"line":42,"column":29},"end":{"line":42,"column":37}},{"start":{"line":42,"column":29},"end":{"line":42,"column":37}}]},"14":{"loc":{"start":{"line":47,"column":6},"end":{"line":47,"column":null}},"type":"if","locations":[{"start":{"line":47,"column":6},"end":{"line":47,"column":null}}]},"15":{"loc":{"start":{"line":47,"column":59},"end":{"line":47,"column":78}},"type":"cond-expr","locations":[{"start":{"line":47,"column":73},"end":{"line":47,"column":77}},{"start":{"line":47,"column":77},"end":{"line":47,"column":78}}]},"16":{"loc":{"start":{"line":47,"column":59},"end":{"line":47,"column":77}},"type":"binary-expr","locations":[{"start":{"line":47,"column":59},"end":{"line":47,"column":77}},{"start":{"line":47,"column":73},"end":{"line":47,"column":77}}]},"17":{"loc":{"start":{"line":52,"column":4},"end":{"line":56,"column":null}},"type":"if","locations":[{"start":{"line":52,"column":4},"end":{"line":56,"column":null}},{"start":{"line":54,"column":11},"end":{"line":56,"column":null}}]},"18":{"loc":{"start":{"line":59,"column":12},"end":{"line":59,"column":54}},"type":"cond-expr","locations":[{"start":{"line":59,"column":45},"end":{"line":59,"column":48}},{"start":{"line":59,"column":51},"end":{"line":59,"column":54}}]},"19":{"loc":{"start":{"line":104,"column":6},"end":{"line":104,"column":null}},"type":"if","locations":[{"start":{"line":104,"column":6},"end":{"line":104,"column":null}}]}},"s":{"0":1,"1":1,"2":1,"3":1,"4":1,"5":1,"6":1,"7":1,"8":1,"9":0,"10":0,"11":0,"12":0,"13":0,"14":0,"15":0,"16":0,"17":0,"18":0,"19":0,"20":0,"21":0,"22":0,"23":0,"24":0,"25":0,"26":0,"27":0,"28":0,"29":0,"30":0,"31":0,"32":0,"33":0,"34":0,"35":0,"36":0,"37":0,"38":0,"39":0,"40":0,"41":0,"42":0,"43":0,"44":0,"45":0,"46":0,"47":0,"48":0,"49":0,"50":1},"f":{"0":0,"1":0,"2":0,"3":0},"b":{"0":[0,0],"1":[0,0],"2":[0,0],"3":[0,0],"4":[0,0],"5":[0,0],"6":[0,0],"7":[0,0],"8":[0,0],"9":[0,0],"10":[0,0],"11":[0,0],"12":[0,0],"13":[0,0],"14":[0],"15":[0,0],"16":[0,0],"17":[0,0],"18":[0,0],"19":[0]}}
,"C:\\Users\\esau\\Desktop\\test__\\stefanini_test\\api-manage-person\\src\\services\\person.service.ts": {"path":"C:\\Users\\esau\\Desktop\\test__\\stefanini_test\\api-manage-person\\src\\services\\person.service.ts","statementMap":{"0":{"start":{"line":1,"column":0},"end":{"line":1,"column":45}},"1":{"start":{"line":2,"column":0},"end":{"line":2,"column":27}},"2":{"start":{"line":3,"column":0},"end":{"line":3,"column":35}},"3":{"start":{"line":5,"column":0},"end":{"line":5,"column":79}},"4":{"start":{"line":6,"column":15},"end":{"line":6,"column":33}},"5":{"start":{"line":9,"column":2},"end":{"line":16,"column":null}},"6":{"start":{"line":10,"column":20},"end":{"line":10,"column":50}},"7":{"start":{"line":11,"column":4},"end":{"line":11,"column":null}},"8":{"start":{"line":13,"column":4},"end":{"line":13,"column":null}},"9":{"start":{"line":15,"column":4},"end":{"line":15,"column":null}},"10":{"start":{"line":20,"column":2},"end":{"line":29,"column":null}},"11":{"start":{"line":21,"column":20},"end":{"line":23,"column":6}},"12":{"start":{"line":24,"column":4},"end":{"line":24,"column":null}},"13":{"start":{"line":26,"column":4},"end":{"line":26,"column":null}},"14":{"start":{"line":28,"column":4},"end":{"line":28,"column":null}},"15":{"start":{"line":33,"column":2},"end":{"line":50,"column":null}},"16":{"start":{"line":34,"column":18},"end":{"line":34,"column":26}},"17":{"start":{"line":35,"column":19},"end":{"line":43,"column":6}},"18":{"start":{"line":44,"column":4},"end":{"line":44,"column":null}},"19":{"start":{"line":45,"column":4},"end":{"line":45,"column":null}},"20":{"start":{"line":47,"column":4},"end":{"line":47,"column":null}},"21":{"start":{"line":49,"column":4},"end":{"line":49,"column":null}},"22":{"start":{"line":54,"column":2},"end":{"line":73,"column":null}},"23":{"start":{"line":55,"column":18},"end":{"line":55,"column":26}},"24":{"start":{"line":56,"column":19},"end":{"line":66,"column":6}},"25":{"start":{"line":67,"column":4},"end":{"line":67,"column":null}},"26":{"start":{"line":68,"column":4},"end":{"line":68,"column":null}},"27":{"start":{"line":70,"column":4},"end":{"line":70,"column":null}},"28":{"start":{"line":72,"column":4},"end":{"line":72,"column":null}},"29":{"start":{"line":77,"column":2},"end":{"line":87,"column":null}},"30":{"start":{"line":78,"column":19},"end":{"line":80,"column":6}},"31":{"start":{"line":81,"column":4},"end":{"line":81,"column":null}},"32":{"start":{"line":82,"column":4},"end":{"line":82,"column":null}},"33":{"start":{"line":84,"column":4},"end":{"line":84,"column":null}},"34":{"start":{"line":86,"column":4},"end":{"line":86,"column":null}},"35":{"start":{"line":90,"column":0},"end":{"line":96,"column":null}}},"fnMap":{"0":{"name":"listPerson","decl":{"start":{"line":8,"column":15},"end":{"line":8,"column":25}},"loc":{"start":{"line":8,"column":25},"end":{"line":17,"column":null}}},"1":{"name":"getPersonByUUID","decl":{"start":{"line":19,"column":15},"end":{"line":19,"column":30}},"loc":{"start":{"line":19,"column":44},"end":{"line":30,"column":null}}},"2":{"name":"createPerson","decl":{"start":{"line":32,"column":15},"end":{"line":32,"column":27}},"loc":{"start":{"line":32,"column":41},"end":{"line":51,"column":null}}},"3":{"name":"updatePerson","decl":{"start":{"line":53,"column":15},"end":{"line":53,"column":27}},"loc":{"start":{"line":53,"column":55},"end":{"line":74,"column":null}}},"4":{"name":"deletePerson","decl":{"start":{"line":76,"column":15},"end":{"line":76,"column":27}},"loc":{"start":{"line":76,"column":41},"end":{"line":88,"column":null}}}},"branchMap":{"0":{"loc":{"start":{"line":24,"column":26},"end":{"line":24,"column":39}},"type":"cond-expr","locations":[{"start":{"line":24,"column":26},"end":{"line":24,"column":33}},{"start":{"line":24,"column":37},"end":{"line":24,"column":39}}]},"1":{"loc":{"start":{"line":24,"column":26},"end":{"line":24,"column":37}},"type":"binary-expr","locations":[{"start":{"line":24,"column":26},"end":{"line":24,"column":37}},{"start":{"line":24,"column":26},"end":{"line":24,"column":37}}]},"2":{"loc":{"start":{"line":39,"column":27},"end":{"line":39,"column":77}},"type":"cond-expr","locations":[{"start":{"line":39,"column":71},"end":{"line":39,"column":75}},{"start":{"line":39,"column":75},"end":{"line":39,"column":77}}]},"3":{"loc":{"start":{"line":39,"column":27},"end":{"line":39,"column":75}},"type":"binary-expr","locations":[{"start":{"line":39,"column":27},"end":{"line":39,"column":75}},{"start":{"line":39,"column":71},"end":{"line":39,"column":75}}]},"4":{"loc":{"start":{"line":39,"column":27},"end":{"line":39,"column":71}},"type":"cond-expr","locations":[{"start":{"line":39,"column":34},"end":{"line":39,"column":36}},{"start":{"line":39,"column":27},"end":{"line":39,"column":71}}]},"5":{"loc":{"start":{"line":39,"column":27},"end":{"line":39,"column":36}},"type":"binary-expr","locations":[{"start":{"line":39,"column":27},"end":{"line":39,"column":36}},{"start":{"line":39,"column":27},"end":{"line":39,"column":36}}]},"6":{"loc":{"start":{"line":40,"column":20},"end":{"line":40,"column":73}},"type":"cond-expr","locations":[{"start":{"line":40,"column":68},"end":{"line":40,"column":72}},{"start":{"line":40,"column":72},"end":{"line":40,"column":73}}]},"7":{"loc":{"start":{"line":40,"column":20},"end":{"line":40,"column":72}},"type":"binary-expr","locations":[{"start":{"line":40,"column":20},"end":{"line":40,"column":72}},{"start":{"line":40,"column":68},"end":{"line":40,"column":72}}]},"8":{"loc":{"start":{"line":40,"column":38},"end":{"line":40,"column":57}},"type":"cond-expr","locations":[{"start":{"line":40,"column":45},"end":{"line":40,"column":47}},{"start":{"line":40,"column":38},"end":{"line":40,"column":57}}]},"9":{"loc":{"start":{"line":40,"column":38},"end":{"line":40,"column":47}},"type":"binary-expr","locations":[{"start":{"line":40,"column":38},"end":{"line":40,"column":47}},{"start":{"line":40,"column":38},"end":{"line":40,"column":47}}]},"10":{"loc":{"start":{"line":41,"column":27},"end":{"line":41,"column":46}},"type":"cond-expr","locations":[{"start":{"line":41,"column":34},"end":{"line":41,"column":36}},{"start":{"line":41,"column":27},"end":{"line":41,"column":46}}]},"11":{"loc":{"start":{"line":41,"column":27},"end":{"line":41,"column":36}},"type":"binary-expr","locations":[{"start":{"line":41,"column":27},"end":{"line":41,"column":36}},{"start":{"line":41,"column":27},"end":{"line":41,"column":36}}]},"12":{"loc":{"start":{"line":62,"column":27},"end":{"line":62,"column":77}},"type":"cond-expr","locations":[{"start":{"line":62,"column":71},"end":{"line":62,"column":75}},{"start":{"line":62,"column":75},"end":{"line":62,"column":77}}]},"13":{"loc":{"start":{"line":62,"column":27},"end":{"line":62,"column":75}},"type":"binary-expr","locations":[{"start":{"line":62,"column":27},"end":{"line":62,"column":75}},{"start":{"line":62,"column":71},"end":{"line":62,"column":75}}]},"14":{"loc":{"start":{"line":62,"column":27},"end":{"line":62,"column":71}},"type":"cond-expr","locations":[{"start":{"line":62,"column":34},"end":{"line":62,"column":36}},{"start":{"line":62,"column":27},"end":{"line":62,"column":71}}]},"15":{"loc":{"start":{"line":62,"column":27},"end":{"line":62,"column":36}},"type":"binary-expr","locations":[{"start":{"line":62,"column":27},"end":{"line":62,"column":36}},{"start":{"line":62,"column":27},"end":{"line":62,"column":36}}]},"16":{"loc":{"start":{"line":63,"column":20},"end":{"line":63,"column":73}},"type":"cond-expr","locations":[{"start":{"line":63,"column":68},"end":{"line":63,"column":72}},{"start":{"line":63,"column":72},"end":{"line":63,"column":73}}]},"17":{"loc":{"start":{"line":63,"column":20},"end":{"line":63,"column":72}},"type":"binary-expr","locations":[{"start":{"line":63,"column":20},"end":{"line":63,"column":72}},{"start":{"line":63,"column":68},"end":{"line":63,"column":72}}]},"18":{"loc":{"start":{"line":63,"column":38},"end":{"line":63,"column":57}},"type":"cond-expr","locations":[{"start":{"line":63,"column":45},"end":{"line":63,"column":47}},{"start":{"line":63,"column":38},"end":{"line":63,"column":57}}]},"19":{"loc":{"start":{"line":63,"column":38},"end":{"line":63,"column":47}},"type":"binary-expr","locations":[{"start":{"line":63,"column":38},"end":{"line":63,"column":47}},{"start":{"line":63,"column":38},"end":{"line":63,"column":47}}]},"20":{"loc":{"start":{"line":64,"column":27},"end":{"line":64,"column":46}},"type":"cond-expr","locations":[{"start":{"line":64,"column":34},"end":{"line":64,"column":36}},{"start":{"line":64,"column":27},"end":{"line":64,"column":46}}]},"21":{"loc":{"start":{"line":64,"column":27},"end":{"line":64,"column":36}},"type":"binary-expr","locations":[{"start":{"line":64,"column":27},"end":{"line":64,"column":36}},{"start":{"line":64,"column":27},"end":{"line":64,"column":36}}]}},"s":{"0":1,"1":1,"2":1,"3":1,"4":1,"5":0,"6":0,"7":0,"8":0,"9":0,"10":0,"11":0,"12":0,"13":0,"14":0,"15":0,"16":0,"17":0,"18":0,"19":0,"20":0,"21":0,"22":0,"23":0,"24":0,"25":0,"26":0,"27":0,"28":0,"29":0,"30":0,"31":0,"32":0,"33":0,"34":0,"35":1},"f":{"0":0,"1":0,"2":0,"3":0,"4":0},"b":{"0":[0,0],"1":[0,0],"2":[0,0],"3":[0,0],"4":[0,0],"5":[0,0],"6":[0,0],"7":[0,0],"8":[0,0],"9":[0,0],"10":[0,0],"11":[0,0],"12":[0,0],"13":[0,0],"14":[0,0],"15":[0,0],"16":[0,0],"17":[0,0],"18":[0,0],"19":[0,0],"20":[0,0],"21":[0,0]}}
,"C:\\Users\\esau\\Desktop\\test__\\stefanini_test\\api-manage-person\\src\\utils\\response.ts": {"path":"C:\\Users\\esau\\Desktop\\test__\\stefanini_test\\api-manage-person\\src\\utils\\response.ts","statementMap":{"0":{"start":{"line":2,"column":2},"end":{"line":5,"column":null}},"1":{"start":{"line":1,"column":0},"end":{"line":1,"column":16}},"2":{"start":{"line":9,"column":2},"end":{"line":15,"column":null}},"3":{"start":{"line":8,"column":0},"end":{"line":8,"column":16}},"4":{"start":{"line":19,"column":2},"end":{"line":25,"column":null}},"5":{"start":{"line":18,"column":0},"end":{"line":18,"column":16}}},"fnMap":{"0":{"name":"successRequest","decl":{"start":{"line":1,"column":16},"end":{"line":1,"column":30}},"loc":{"start":{"line":1,"column":44},"end":{"line":6,"column":1}}},"1":{"name":"badRequest","decl":{"start":{"line":8,"column":16},"end":{"line":8,"column":26}},"loc":{"start":{"line":8,"column":44},"end":{"line":16,"column":1}}},"2":{"name":"notfoundRequest","decl":{"start":{"line":18,"column":16},"end":{"line":18,"column":31}},"loc":{"start":{"line":18,"column":49},"end":{"line":26,"column":1}}}},"branchMap":{"0":{"loc":{"start":{"line":12,"column":15},"end":{"line":12,"column":49}},"type":"cond-expr","locations":[{"start":{"line":12,"column":15},"end":{"line":12,"column":22}},{"start":{"line":12,"column":26},"end":{"line":12,"column":49}}]},"1":{"loc":{"start":{"line":12,"column":15},"end":{"line":12,"column":26}},"type":"binary-expr","locations":[{"start":{"line":12,"column":15},"end":{"line":12,"column":26}},{"start":{"line":12,"column":15},"end":{"line":12,"column":26}}]},"2":{"loc":{"start":{"line":22,"column":15},"end":{"line":22,"column":45}},"type":"cond-expr","locations":[{"start":{"line":22,"column":15},"end":{"line":22,"column":22}},{"start":{"line":22,"column":26},"end":{"line":22,"column":45}}]},"3":{"loc":{"start":{"line":22,"column":15},"end":{"line":22,"column":26}},"type":"binary-expr","locations":[{"start":{"line":22,"column":15},"end":{"line":22,"column":26}},{"start":{"line":22,"column":15},"end":{"line":22,"column":26}}]}},"s":{"0":0,"1":1,"2":0,"3":1,"4":0,"5":1},"f":{"0":0,"1":0,"2":0},"b":{"0":[0,0],"1":[0,0],"2":[0,0],"3":[0,0]}}
}
